2021-12-06 23:23:29,654 INFO [restartedMain] c.s.c.CommunityApplication [StartupInfoLogger.java:55] Starting CommunityApplication using Java 15.0.1 on LAPTOP-SUNXIAO with PID 30636 (D:\WorkPlace\IdeaProjects\community\target\classes started by sun in D:\WorkPlace\IdeaProjects\community)
2021-12-06 23:23:29,654 INFO [restartedMain] c.s.c.CommunityApplication [SpringApplication.java:635] No active profile set, falling back to default profiles: default
2021-12-06 23:23:29,745 INFO [restartedMain] o.s.b.d.e.DevToolsPropertyDefaultsPostProcessor [DeferredLog.java:255] Devtools property defaults active! Set 'spring.devtools.add-properties' to 'false' to disable
2021-12-06 23:23:29,745 INFO [restartedMain] o.s.b.d.e.DevToolsPropertyDefaultsPostProcessor [DeferredLog.java:255] For additional web related logging consider setting the 'logging.level.web' property to 'DEBUG'
2021-12-06 23:23:32,200 INFO [restartedMain] o.s.b.w.e.t.TomcatWebServer [TomcatWebServer.java:108] Tomcat initialized with port(s): 9090 (http)
2021-12-06 23:23:32,218 INFO [restartedMain] o.a.c.h.Http11NioProtocol [DirectJDKLog.java:173] Initializing ProtocolHandler ["http-nio-9090"]
2021-12-06 23:23:32,218 INFO [restartedMain] o.a.c.c.StandardService [DirectJDKLog.java:173] Starting service [Tomcat]
2021-12-06 23:23:32,218 INFO [restartedMain] o.a.c.c.StandardEngine [DirectJDKLog.java:173] Starting Servlet engine: [Apache Tomcat/9.0.55]
2021-12-06 23:23:32,461 INFO [restartedMain] o.a.c.c.C.[.[.[/community] [DirectJDKLog.java:173] Initializing Spring embedded WebApplicationContext
2021-12-06 23:23:32,461 INFO [restartedMain] o.s.b.w.s.c.ServletWebServerApplicationContext [ServletWebServerApplicationContext.java:290] Root WebApplicationContext: initialization completed in 2716 ms
2021-12-06 23:23:33,701 INFO [restartedMain] o.s.b.a.w.s.WelcomePageHandlerMapping [WelcomePageHandlerMapping.java:57] Adding welcome page template: index
2021-12-06 23:23:34,184 INFO [restartedMain] o.s.b.d.a.OptionalLiveReloadServer [OptionalLiveReloadServer.java:58] LiveReload server is running on port 35729
2021-12-06 23:23:34,232 INFO [restartedMain] o.a.c.h.Http11NioProtocol [DirectJDKLog.java:173] Starting ProtocolHandler ["http-nio-9090"]
2021-12-06 23:23:34,305 INFO [restartedMain] o.s.b.w.e.t.TomcatWebServer [TomcatWebServer.java:220] Tomcat started on port(s): 9090 (http) with context path '/community'
2021-12-06 23:23:34,346 INFO [restartedMain] c.s.c.CommunityApplication [StartupInfoLogger.java:61] Started CommunityApplication in 5.628 seconds (JVM running for 7.005)
2021-12-06 23:23:38,235 INFO [http-nio-9090-exec-1] o.a.c.c.C.[.[.[/community] [DirectJDKLog.java:173] Initializing Spring DispatcherServlet 'dispatcherServlet'
2021-12-06 23:23:38,236 INFO [http-nio-9090-exec-1] o.s.w.s.DispatcherServlet [FrameworkServlet.java:525] Initializing Servlet 'dispatcherServlet'
2021-12-06 23:23:38,236 INFO [http-nio-9090-exec-1] o.s.w.s.DispatcherServlet [FrameworkServlet.java:547] Completed initialization in 0 ms
2021-12-06 23:23:38,578 INFO [http-nio-9090-exec-1] c.z.h.HikariDataSource [HikariDataSource.java:110] HikariPool-1 - Starting...
2021-12-06 23:23:38,855 INFO [http-nio-9090-exec-1] c.z.h.HikariDataSource [HikariDataSource.java:123] HikariPool-1 - Start completed.
2021-12-06 23:45:15,263 INFO [SpringApplicationShutdownHook] c.z.h.HikariDataSource [HikariDataSource.java:350] HikariPool-1 - Shutdown initiated...
2021-12-06 23:45:15,278 INFO [SpringApplicationShutdownHook] c.z.h.HikariDataSource [HikariDataSource.java:352] HikariPool-1 - Shutdown completed.
2021-12-06 23:45:27,603 INFO [restartedMain] c.s.c.CommunityApplication [StartupInfoLogger.java:55] Starting CommunityApplication using Java 15.0.1 on LAPTOP-SUNXIAO with PID 34244 (D:\WorkPlace\IdeaProjects\community\target\classes started by sun in D:\WorkPlace\IdeaProjects\community)
2021-12-06 23:45:27,603 INFO [restartedMain] c.s.c.CommunityApplication [SpringApplication.java:635] No active profile set, falling back to default profiles: default
2021-12-06 23:45:27,687 INFO [restartedMain] o.s.b.d.e.DevToolsPropertyDefaultsPostProcessor [DeferredLog.java:255] Devtools property defaults active! Set 'spring.devtools.add-properties' to 'false' to disable
2021-12-06 23:45:27,687 INFO [restartedMain] o.s.b.d.e.DevToolsPropertyDefaultsPostProcessor [DeferredLog.java:255] For additional web related logging consider setting the 'logging.level.web' property to 'DEBUG'
2021-12-06 23:45:30,307 INFO [restartedMain] o.s.b.w.e.t.TomcatWebServer [TomcatWebServer.java:108] Tomcat initialized with port(s): 9090 (http)
2021-12-06 23:45:30,323 INFO [restartedMain] o.a.c.h.Http11NioProtocol [DirectJDKLog.java:173] Initializing ProtocolHandler ["http-nio-9090"]
2021-12-06 23:45:30,331 INFO [restartedMain] o.a.c.c.StandardService [DirectJDKLog.java:173] Starting service [Tomcat]
2021-12-06 23:45:30,331 INFO [restartedMain] o.a.c.c.StandardEngine [DirectJDKLog.java:173] Starting Servlet engine: [Apache Tomcat/9.0.55]
2021-12-06 23:45:30,637 INFO [restartedMain] o.a.c.c.C.[.[.[/community] [DirectJDKLog.java:173] Initializing Spring embedded WebApplicationContext
2021-12-06 23:45:30,637 INFO [restartedMain] o.s.b.w.s.c.ServletWebServerApplicationContext [ServletWebServerApplicationContext.java:290] Root WebApplicationContext: initialization completed in 2950 ms
2021-12-06 23:45:31,904 INFO [restartedMain] o.s.b.a.w.s.WelcomePageHandlerMapping [WelcomePageHandlerMapping.java:57] Adding welcome page template: index
2021-12-06 23:45:32,295 INFO [restartedMain] o.s.b.d.a.OptionalLiveReloadServer [OptionalLiveReloadServer.java:58] LiveReload server is running on port 35729
2021-12-06 23:45:32,343 INFO [restartedMain] o.a.c.h.Http11NioProtocol [DirectJDKLog.java:173] Starting ProtocolHandler ["http-nio-9090"]
2021-12-06 23:45:32,402 INFO [restartedMain] o.s.b.w.e.t.TomcatWebServer [TomcatWebServer.java:220] Tomcat started on port(s): 9090 (http) with context path '/community'
2021-12-06 23:45:32,426 INFO [restartedMain] c.s.c.CommunityApplication [StartupInfoLogger.java:61] Started CommunityApplication in 5.768 seconds (JVM running for 7.586)
2021-12-06 23:45:40,146 INFO [http-nio-9090-exec-1] o.a.c.c.C.[.[.[/community] [DirectJDKLog.java:173] Initializing Spring DispatcherServlet 'dispatcherServlet'
2021-12-06 23:45:40,155 INFO [http-nio-9090-exec-1] o.s.w.s.DispatcherServlet [FrameworkServlet.java:525] Initializing Servlet 'dispatcherServlet'
2021-12-06 23:45:40,157 INFO [http-nio-9090-exec-1] o.s.w.s.DispatcherServlet [FrameworkServlet.java:547] Completed initialization in 2 ms
2021-12-06 23:45:58,568 INFO [http-nio-9090-exec-6] c.z.h.HikariDataSource [HikariDataSource.java:110] HikariPool-1 - Starting...
2021-12-06 23:45:58,921 INFO [http-nio-9090-exec-6] c.z.h.HikariDataSource [HikariDataSource.java:123] HikariPool-1 - Start completed.
2021-12-06 23:47:30,382 INFO [SpringApplicationShutdownHook] c.z.h.HikariDataSource [HikariDataSource.java:350] HikariPool-1 - Shutdown initiated...
2021-12-06 23:47:30,406 INFO [SpringApplicationShutdownHook] c.z.h.HikariDataSource [HikariDataSource.java:352] HikariPool-1 - Shutdown completed.
2021-12-06 23:47:41,579 INFO [restartedMain] c.s.c.CommunityApplication [StartupInfoLogger.java:55] Starting CommunityApplication using Java 15.0.1 on LAPTOP-SUNXIAO with PID 23176 (D:\WorkPlace\IdeaProjects\community\target\classes started by sun in D:\WorkPlace\IdeaProjects\community)
2021-12-06 23:47:41,587 INFO [restartedMain] c.s.c.CommunityApplication [SpringApplication.java:635] No active profile set, falling back to default profiles: default
2021-12-06 23:47:41,666 INFO [restartedMain] o.s.b.d.e.DevToolsPropertyDefaultsPostProcessor [DeferredLog.java:255] Devtools property defaults active! Set 'spring.devtools.add-properties' to 'false' to disable
2021-12-06 23:47:41,666 INFO [restartedMain] o.s.b.d.e.DevToolsPropertyDefaultsPostProcessor [DeferredLog.java:255] For additional web related logging consider setting the 'logging.level.web' property to 'DEBUG'
2021-12-06 23:47:44,337 INFO [restartedMain] o.s.b.w.e.t.TomcatWebServer [TomcatWebServer.java:108] Tomcat initialized with port(s): 9090 (http)
2021-12-06 23:47:44,361 INFO [restartedMain] o.a.c.h.Http11NioProtocol [DirectJDKLog.java:173] Initializing ProtocolHandler ["http-nio-9090"]
2021-12-06 23:47:44,361 INFO [restartedMain] o.a.c.c.StandardService [DirectJDKLog.java:173] Starting service [Tomcat]
2021-12-06 23:47:44,361 INFO [restartedMain] o.a.c.c.StandardEngine [DirectJDKLog.java:173] Starting Servlet engine: [Apache Tomcat/9.0.55]
2021-12-06 23:47:44,653 INFO [restartedMain] o.a.c.c.C.[.[.[/community] [DirectJDKLog.java:173] Initializing Spring embedded WebApplicationContext
2021-12-06 23:47:44,653 INFO [restartedMain] o.s.b.w.s.c.ServletWebServerApplicationContext [ServletWebServerApplicationContext.java:290] Root WebApplicationContext: initialization completed in 2987 ms
2021-12-06 23:47:45,781 INFO [restartedMain] o.s.b.a.w.s.WelcomePageHandlerMapping [WelcomePageHandlerMapping.java:57] Adding welcome page template: index
2021-12-06 23:47:46,328 INFO [restartedMain] o.s.b.d.a.OptionalLiveReloadServer [OptionalLiveReloadServer.java:58] LiveReload server is running on port 35729
2021-12-06 23:47:46,383 INFO [restartedMain] o.a.c.h.Http11NioProtocol [DirectJDKLog.java:173] Starting ProtocolHandler ["http-nio-9090"]
2021-12-06 23:47:46,456 INFO [restartedMain] o.s.b.w.e.t.TomcatWebServer [TomcatWebServer.java:220] Tomcat started on port(s): 9090 (http) with context path '/community'
2021-12-06 23:47:46,480 INFO [restartedMain] c.s.c.CommunityApplication [StartupInfoLogger.java:61] Started CommunityApplication in 5.919 seconds (JVM running for 7.728)
2021-12-06 23:47:49,055 INFO [http-nio-9090-exec-2] o.a.c.c.C.[.[.[/community] [DirectJDKLog.java:173] Initializing Spring DispatcherServlet 'dispatcherServlet'
2021-12-06 23:47:49,063 INFO [http-nio-9090-exec-2] o.s.w.s.DispatcherServlet [FrameworkServlet.java:525] Initializing Servlet 'dispatcherServlet'
2021-12-06 23:47:49,063 INFO [http-nio-9090-exec-2] o.s.w.s.DispatcherServlet [FrameworkServlet.java:547] Completed initialization in 0 ms
2021-12-06 23:47:52,225 INFO [http-nio-9090-exec-9] c.z.h.HikariDataSource [HikariDataSource.java:110] HikariPool-1 - Starting...
2021-12-06 23:47:52,483 INFO [http-nio-9090-exec-9] c.z.h.HikariDataSource [HikariDataSource.java:123] HikariPool-1 - Start completed.
2021-12-06 23:51:08,882 INFO [SpringApplicationShutdownHook] c.z.h.HikariDataSource [HikariDataSource.java:350] HikariPool-1 - Shutdown initiated...
2021-12-06 23:51:08,915 INFO [SpringApplicationShutdownHook] c.z.h.HikariDataSource [HikariDataSource.java:352] HikariPool-1 - Shutdown completed.
2021-12-06 23:51:19,974 INFO [restartedMain] c.s.c.CommunityApplication [StartupInfoLogger.java:55] Starting CommunityApplication using Java 15.0.1 on LAPTOP-SUNXIAO with PID 22352 (D:\WorkPlace\IdeaProjects\community\target\classes started by sun in D:\WorkPlace\IdeaProjects\community)
2021-12-06 23:51:19,991 INFO [restartedMain] c.s.c.CommunityApplication [SpringApplication.java:635] No active profile set, falling back to default profiles: default
2021-12-06 23:51:20,106 INFO [restartedMain] o.s.b.d.e.DevToolsPropertyDefaultsPostProcessor [DeferredLog.java:255] Devtools property defaults active! Set 'spring.devtools.add-properties' to 'false' to disable
2021-12-06 23:51:20,106 INFO [restartedMain] o.s.b.d.e.DevToolsPropertyDefaultsPostProcessor [DeferredLog.java:255] For additional web related logging consider setting the 'logging.level.web' property to 'DEBUG'
2021-12-06 23:51:22,883 INFO [restartedMain] o.s.b.w.e.t.TomcatWebServer [TomcatWebServer.java:108] Tomcat initialized with port(s): 9090 (http)
2021-12-06 23:51:22,899 INFO [restartedMain] o.a.c.h.Http11NioProtocol [DirectJDKLog.java:173] Initializing ProtocolHandler ["http-nio-9090"]
2021-12-06 23:51:22,915 INFO [restartedMain] o.a.c.c.StandardService [DirectJDKLog.java:173] Starting service [Tomcat]
2021-12-06 23:51:22,915 INFO [restartedMain] o.a.c.c.StandardEngine [DirectJDKLog.java:173] Starting Servlet engine: [Apache Tomcat/9.0.55]
2021-12-06 23:51:23,089 INFO [restartedMain] o.a.c.c.C.[.[.[/community] [DirectJDKLog.java:173] Initializing Spring embedded WebApplicationContext
2021-12-06 23:51:23,089 INFO [restartedMain] o.s.b.w.s.c.ServletWebServerApplicationContext [ServletWebServerApplicationContext.java:290] Root WebApplicationContext: initialization completed in 2975 ms
2021-12-06 23:51:24,203 INFO [restartedMain] o.s.b.a.w.s.WelcomePageHandlerMapping [WelcomePageHandlerMapping.java:57] Adding welcome page template: index
2021-12-06 23:51:24,652 INFO [restartedMain] o.s.b.d.a.OptionalLiveReloadServer [OptionalLiveReloadServer.java:58] LiveReload server is running on port 35729
2021-12-06 23:51:24,681 INFO [restartedMain] o.a.c.h.Http11NioProtocol [DirectJDKLog.java:173] Starting ProtocolHandler ["http-nio-9090"]
2021-12-06 23:51:24,775 INFO [restartedMain] o.s.b.w.e.t.TomcatWebServer [TomcatWebServer.java:220] Tomcat started on port(s): 9090 (http) with context path '/community'
2021-12-06 23:51:24,790 INFO [restartedMain] c.s.c.CommunityApplication [StartupInfoLogger.java:61] Started CommunityApplication in 5.544 seconds (JVM running for 7.549)
2021-12-06 23:51:31,647 INFO [http-nio-9090-exec-1] o.a.c.c.C.[.[.[/community] [DirectJDKLog.java:173] Initializing Spring DispatcherServlet 'dispatcherServlet'
2021-12-06 23:51:31,647 INFO [http-nio-9090-exec-1] o.s.w.s.DispatcherServlet [FrameworkServlet.java:525] Initializing Servlet 'dispatcherServlet'
2021-12-06 23:51:31,652 INFO [http-nio-9090-exec-1] o.s.w.s.DispatcherServlet [FrameworkServlet.java:547] Completed initialization in 5 ms
2021-12-06 23:51:42,053 INFO [http-nio-9090-exec-6] c.z.h.HikariDataSource [HikariDataSource.java:110] HikariPool-1 - Starting...
2021-12-06 23:51:42,360 INFO [http-nio-9090-exec-6] c.z.h.HikariDataSource [HikariDataSource.java:123] HikariPool-1 - Start completed.
2021-12-06 23:52:00,525 INFO [SpringApplicationShutdownHook] c.z.h.HikariDataSource [HikariDataSource.java:350] HikariPool-1 - Shutdown initiated...
2021-12-06 23:52:00,541 INFO [SpringApplicationShutdownHook] c.z.h.HikariDataSource [HikariDataSource.java:352] HikariPool-1 - Shutdown completed.
2021-12-06 23:52:13,218 INFO [restartedMain] c.s.c.CommunityApplication [StartupInfoLogger.java:55] Starting CommunityApplication using Java 15.0.1 on LAPTOP-SUNXIAO with PID 32792 (D:\WorkPlace\IdeaProjects\community\target\classes started by sun in D:\WorkPlace\IdeaProjects\community)
2021-12-06 23:52:13,218 INFO [restartedMain] c.s.c.CommunityApplication [SpringApplication.java:635] No active profile set, falling back to default profiles: default
2021-12-06 23:52:13,341 INFO [restartedMain] o.s.b.d.e.DevToolsPropertyDefaultsPostProcessor [DeferredLog.java:255] Devtools property defaults active! Set 'spring.devtools.add-properties' to 'false' to disable
2021-12-06 23:52:13,341 INFO [restartedMain] o.s.b.d.e.DevToolsPropertyDefaultsPostProcessor [DeferredLog.java:255] For additional web related logging consider setting the 'logging.level.web' property to 'DEBUG'
2021-12-06 23:52:15,973 INFO [restartedMain] o.s.b.w.e.t.TomcatWebServer [TomcatWebServer.java:108] Tomcat initialized with port(s): 9090 (http)
2021-12-06 23:52:15,997 INFO [restartedMain] o.a.c.h.Http11NioProtocol [DirectJDKLog.java:173] Initializing ProtocolHandler ["http-nio-9090"]
2021-12-06 23:52:15,997 INFO [restartedMain] o.a.c.c.StandardService [DirectJDKLog.java:173] Starting service [Tomcat]
2021-12-06 23:52:15,997 INFO [restartedMain] o.a.c.c.StandardEngine [DirectJDKLog.java:173] Starting Servlet engine: [Apache Tomcat/9.0.55]
2021-12-06 23:52:16,214 INFO [restartedMain] o.a.c.c.C.[.[.[/community] [DirectJDKLog.java:173] Initializing Spring embedded WebApplicationContext
2021-12-06 23:52:16,214 INFO [restartedMain] o.s.b.w.s.c.ServletWebServerApplicationContext [ServletWebServerApplicationContext.java:290] Root WebApplicationContext: initialization completed in 2865 ms
2021-12-06 23:52:17,262 INFO [restartedMain] o.s.b.a.w.s.WelcomePageHandlerMapping [WelcomePageHandlerMapping.java:57] Adding welcome page template: index
2021-12-06 23:52:17,615 INFO [restartedMain] o.s.b.d.a.OptionalLiveReloadServer [OptionalLiveReloadServer.java:58] LiveReload server is running on port 35729
2021-12-06 23:52:17,659 INFO [restartedMain] o.a.c.h.Http11NioProtocol [DirectJDKLog.java:173] Starting ProtocolHandler ["http-nio-9090"]
2021-12-06 23:52:17,708 INFO [restartedMain] o.s.b.w.e.t.TomcatWebServer [TomcatWebServer.java:220] Tomcat started on port(s): 9090 (http) with context path '/community'
2021-12-06 23:52:17,740 INFO [restartedMain] c.s.c.CommunityApplication [StartupInfoLogger.java:61] Started CommunityApplication in 5.726 seconds (JVM running for 7.653)
2021-12-06 23:52:17,860 INFO [http-nio-9090-exec-1] o.a.c.c.C.[.[.[/community] [DirectJDKLog.java:173] Initializing Spring DispatcherServlet 'dispatcherServlet'
2021-12-06 23:52:17,860 INFO [http-nio-9090-exec-1] o.s.w.s.DispatcherServlet [FrameworkServlet.java:525] Initializing Servlet 'dispatcherServlet'
2021-12-06 23:52:17,868 INFO [http-nio-9090-exec-1] o.s.w.s.DispatcherServlet [FrameworkServlet.java:547] Completed initialization in 8 ms
2021-12-06 23:52:27,756 INFO [http-nio-9090-exec-6] c.z.h.HikariDataSource [HikariDataSource.java:110] HikariPool-1 - Starting...
2021-12-06 23:52:28,055 INFO [http-nio-9090-exec-6] c.z.h.HikariDataSource [HikariDataSource.java:123] HikariPool-1 - Start completed.
2021-12-06 23:55:32,289 INFO [SpringApplicationShutdownHook] c.z.h.HikariDataSource [HikariDataSource.java:350] HikariPool-1 - Shutdown initiated...
2021-12-06 23:55:32,298 INFO [SpringApplicationShutdownHook] c.z.h.HikariDataSource [HikariDataSource.java:352] HikariPool-1 - Shutdown completed.
2021-12-06 23:55:42,877 INFO [restartedMain] c.s.c.CommunityApplication [StartupInfoLogger.java:55] Starting CommunityApplication using Java 15.0.1 on LAPTOP-SUNXIAO with PID 23236 (D:\WorkPlace\IdeaProjects\community\target\classes started by sun in D:\WorkPlace\IdeaProjects\community)
2021-12-06 23:55:42,877 INFO [restartedMain] c.s.c.CommunityApplication [SpringApplication.java:635] No active profile set, falling back to default profiles: default
2021-12-06 23:55:42,950 INFO [restartedMain] o.s.b.d.e.DevToolsPropertyDefaultsPostProcessor [DeferredLog.java:255] Devtools property defaults active! Set 'spring.devtools.add-properties' to 'false' to disable
2021-12-06 23:55:42,950 INFO [restartedMain] o.s.b.d.e.DevToolsPropertyDefaultsPostProcessor [DeferredLog.java:255] For additional web related logging consider setting the 'logging.level.web' property to 'DEBUG'
2021-12-06 23:55:45,340 INFO [restartedMain] o.s.b.w.e.t.TomcatWebServer [TomcatWebServer.java:108] Tomcat initialized with port(s): 9090 (http)
2021-12-06 23:55:45,358 INFO [restartedMain] o.a.c.h.Http11NioProtocol [DirectJDKLog.java:173] Initializing ProtocolHandler ["http-nio-9090"]
2021-12-06 23:55:45,364 INFO [restartedMain] o.a.c.c.StandardService [DirectJDKLog.java:173] Starting service [Tomcat]
2021-12-06 23:55:45,364 INFO [restartedMain] o.a.c.c.StandardEngine [DirectJDKLog.java:173] Starting Servlet engine: [Apache Tomcat/9.0.55]
2021-12-06 23:55:45,598 INFO [restartedMain] o.a.c.c.C.[.[.[/community] [DirectJDKLog.java:173] Initializing Spring embedded WebApplicationContext
2021-12-06 23:55:45,598 INFO [restartedMain] o.s.b.w.s.c.ServletWebServerApplicationContext [ServletWebServerApplicationContext.java:290] Root WebApplicationContext: initialization completed in 2648 ms
2021-12-06 23:55:46,559 INFO [restartedMain] o.s.b.a.w.s.WelcomePageHandlerMapping [WelcomePageHandlerMapping.java:57] Adding welcome page template: index
2021-12-06 23:55:46,900 INFO [restartedMain] o.s.b.d.a.OptionalLiveReloadServer [OptionalLiveReloadServer.java:58] LiveReload server is running on port 35729
2021-12-06 23:55:46,948 INFO [restartedMain] o.a.c.h.Http11NioProtocol [DirectJDKLog.java:173] Starting ProtocolHandler ["http-nio-9090"]
2021-12-06 23:55:47,026 INFO [restartedMain] o.s.b.w.e.t.TomcatWebServer [TomcatWebServer.java:220] Tomcat started on port(s): 9090 (http) with context path '/community'
2021-12-06 23:55:47,058 INFO [restartedMain] c.s.c.CommunityApplication [StartupInfoLogger.java:61] Started CommunityApplication in 5.154 seconds (JVM running for 6.864)
2021-12-06 23:56:07,016 INFO [http-nio-9090-exec-1] o.a.c.c.C.[.[.[/community] [DirectJDKLog.java:173] Initializing Spring DispatcherServlet 'dispatcherServlet'
2021-12-06 23:56:07,016 INFO [http-nio-9090-exec-1] o.s.w.s.DispatcherServlet [FrameworkServlet.java:525] Initializing Servlet 'dispatcherServlet'
2021-12-06 23:56:07,022 INFO [http-nio-9090-exec-1] o.s.w.s.DispatcherServlet [FrameworkServlet.java:547] Completed initialization in 6 ms
2021-12-06 23:56:07,181 INFO [http-nio-9090-exec-1] c.z.h.HikariDataSource [HikariDataSource.java:110] HikariPool-1 - Starting...
2021-12-06 23:56:07,431 INFO [http-nio-9090-exec-1] c.z.h.HikariDataSource [HikariDataSource.java:123] HikariPool-1 - Start completed.
2021-12-06 23:57:52,017 INFO [SpringApplicationShutdownHook] c.z.h.HikariDataSource [HikariDataSource.java:350] HikariPool-1 - Shutdown initiated...
2021-12-06 23:57:52,025 INFO [SpringApplicationShutdownHook] c.z.h.HikariDataSource [HikariDataSource.java:352] HikariPool-1 - Shutdown completed.
2021-12-06 23:58:02,619 INFO [restartedMain] c.s.c.CommunityApplication [StartupInfoLogger.java:55] Starting CommunityApplication using Java 15.0.1 on LAPTOP-SUNXIAO with PID 23872 (D:\WorkPlace\IdeaProjects\community\target\classes started by sun in D:\WorkPlace\IdeaProjects\community)
2021-12-06 23:58:02,619 INFO [restartedMain] c.s.c.CommunityApplication [SpringApplication.java:635] No active profile set, falling back to default profiles: default
2021-12-06 23:58:02,713 INFO [restartedMain] o.s.b.d.e.DevToolsPropertyDefaultsPostProcessor [DeferredLog.java:255] Devtools property defaults active! Set 'spring.devtools.add-properties' to 'false' to disable
2021-12-06 23:58:02,713 INFO [restartedMain] o.s.b.d.e.DevToolsPropertyDefaultsPostProcessor [DeferredLog.java:255] For additional web related logging consider setting the 'logging.level.web' property to 'DEBUG'
2021-12-06 23:58:05,318 INFO [restartedMain] o.s.b.w.e.t.TomcatWebServer [TomcatWebServer.java:108] Tomcat initialized with port(s): 9090 (http)
2021-12-06 23:58:05,354 INFO [restartedMain] o.a.c.h.Http11NioProtocol [DirectJDKLog.java:173] Initializing ProtocolHandler ["http-nio-9090"]
2021-12-06 23:58:05,354 INFO [restartedMain] o.a.c.c.StandardService [DirectJDKLog.java:173] Starting service [Tomcat]
2021-12-06 23:58:05,354 INFO [restartedMain] o.a.c.c.StandardEngine [DirectJDKLog.java:173] Starting Servlet engine: [Apache Tomcat/9.0.55]
2021-12-06 23:58:05,640 INFO [restartedMain] o.a.c.c.C.[.[.[/community] [DirectJDKLog.java:173] Initializing Spring embedded WebApplicationContext
2021-12-06 23:58:05,640 INFO [restartedMain] o.s.b.w.s.c.ServletWebServerApplicationContext [ServletWebServerApplicationContext.java:290] Root WebApplicationContext: initialization completed in 2917 ms
2021-12-06 23:58:06,747 INFO [restartedMain] o.s.b.a.w.s.WelcomePageHandlerMapping [WelcomePageHandlerMapping.java:57] Adding welcome page template: index
2021-12-06 23:58:07,193 INFO [restartedMain] o.s.b.d.a.OptionalLiveReloadServer [OptionalLiveReloadServer.java:58] LiveReload server is running on port 35729
2021-12-06 23:58:07,233 INFO [restartedMain] o.a.c.h.Http11NioProtocol [DirectJDKLog.java:173] Starting ProtocolHandler ["http-nio-9090"]
2021-12-06 23:58:07,289 INFO [restartedMain] o.s.b.w.e.t.TomcatWebServer [TomcatWebServer.java:220] Tomcat started on port(s): 9090 (http) with context path '/community'
2021-12-06 23:58:07,324 INFO [restartedMain] c.s.c.CommunityApplication [StartupInfoLogger.java:61] Started CommunityApplication in 5.609 seconds (JVM running for 7.441)
2021-12-06 23:58:08,011 INFO [http-nio-9090-exec-1] o.a.c.c.C.[.[.[/community] [DirectJDKLog.java:173] Initializing Spring DispatcherServlet 'dispatcherServlet'
2021-12-06 23:58:08,011 INFO [http-nio-9090-exec-1] o.s.w.s.DispatcherServlet [FrameworkServlet.java:525] Initializing Servlet 'dispatcherServlet'
2021-12-06 23:58:08,011 INFO [http-nio-9090-exec-1] o.s.w.s.DispatcherServlet [FrameworkServlet.java:547] Completed initialization in 0 ms
2021-12-06 23:58:12,710 INFO [http-nio-9090-exec-6] c.z.h.HikariDataSource [HikariDataSource.java:110] HikariPool-1 - Starting...
2021-12-06 23:58:13,021 INFO [http-nio-9090-exec-6] c.z.h.HikariDataSource [HikariDataSource.java:123] HikariPool-1 - Start completed.
